{
  "RSpec": {
    "coverage": {
      "/Users/davidkarim/Documents/David/florida_parks/spec/controllers/parks_controller_spec.rb": [
        1,
        null,
        1,
        1,
        1,
        1,
        1,
        1,
        null,
        null,
        1,
        1,
        1,
        null,
        null,
        null,
        null,
        null,
        null,
        null,
        null,
        null,
        null,
        null,
        null,
        null,
        null,
        null,
        null,
        null,
        null,
        null,
        null,
        null,
        null,
        null,
        null,
        null,
        null
      ],
      "/Users/davidkarim/Documents/David/florida_parks/spec/rails_helper.rb": [
        null,
        1,
        1,
        null,
        1,
        1,
        1,
        null,
        null,
        null,
        null,
        null,
        null,
        null,
        null,
        null,
        null,
        null,
        null,
        null,
        null,
        null,
        null,
        null,
        null,
        null,
        1,
        null,
        1,
        null,
        1,
        null,
        null,
        null,
        null,
        1,
        null,
        null,
        null,
        null,
        null,
        null,
        null,
        null,
        null,
        null,
        null,
        null,
        null,
        null,
        1,
        null,
        null,
        1,
        null,
        null,
        null
      ],
      "/Users/davidkarim/Documents/David/florida_parks/config/environment.rb": [
        null,
        1,
        null,
        null,
        1
      ],
      "/Users/davidkarim/Documents/David/florida_parks/config/application.rb": [
        1,
        null,
        1,
        null,
        null,
        null,
        1,
        null,
        1,
        1,
        null,
        null,
        null,
        null,
        null,
        null,
        null,
        null,
        null,
        null,
        null,
        null,
        null,
        1,
        null,
        null
      ],
      "/Users/davidkarim/Documents/David/florida_parks/config/boot.rb": [
        1,
        null,
        1
      ],
      "/Users/davidkarim/Documents/David/florida_parks/config/environments/test.rb": [
        1,
        null,
        null,
        null,
        null,
        null,
        null,
        1,
        null,
        null,
        null,
        null,
        1,
        null,
        null,
        1,
        1,
        null,
        null,
        1,
        1,
        null,
        null,
        1,
        null,
        null,
        1,
        null,
        null,
        null,
        null,
        1,
        null,
        null,
        1,
        null,
        null,
        1,
        null,
        null,
        null,
        null
      ],
      "/Users/davidkarim/Documents/David/florida_parks/config/initializers/assets.rb": [
        null,
        null,
        null,
        1,
        null,
        null,
        null,
        null,
        null,
        null,
        null
      ],
      "/Users/davidkarim/Documents/David/florida_parks/config/initializers/backtrace_silencers.rb": [
        null,
        null,
        null,
        null,
        null,
        null,
        null
      ],
      "/Users/davidkarim/Documents/David/florida_parks/config/initializers/cookies_serializer.rb": [
        null,
        null,
        1
      ],
      "/Users/davidkarim/Documents/David/florida_parks/config/initializers/filter_parameter_logging.rb": [
        null,
        null,
        null,
        1
      ],
      "/Users/davidkarim/Documents/David/florida_parks/config/initializers/inflections.rb": [
        null,
        null,
        null,
        null,
        null,
        null,
        null,
        null,
        null,
        null,
        null,
        null,
        null,
        null,
        null,
        null
      ],
      "/Users/davidkarim/Documents/David/florida_parks/config/initializers/mime_types.rb": [
        null,
        null,
        null,
        null
      ],
      "/Users/davidkarim/Documents/David/florida_parks/config/initializers/session_store.rb": [
        null,
        null,
        1
      ],
      "/Users/davidkarim/Documents/David/florida_parks/config/initializers/wrap_parameters.rb": [
        null,
        null,
        null,
        null,
        null,
        null,
        1,
        1,
        null,
        null,
        null,
        null,
        null,
        null
      ],
      "/Users/davidkarim/Documents/David/florida_parks/config/routes.rb": [
        1,
        1,
        null,
        null,
        null,
        null,
        null,
        1,
        null,
        1,
        null,
        null,
        null,
        null,
        null,
        null,
        null,
        null,
        null,
        null,
        null,
        null,
        null,
        null,
        null,
        null,
        null,
        null,
        null,
        null,
        null,
        null,
        null,
        null,
        null,
        null,
        null,
        null,
        null,
        null,
        null,
        null,
        null,
        null,
        null,
        null,
        null,
        null,
        null,
        null,
        null,
        null,
        null,
        null,
        null,
        null,
        null,
        null,
        null,
        null
      ],
      "/Users/davidkarim/Documents/David/florida_parks/app/helpers/application_helper.rb": [
        1,
        null
      ],
      "/Users/davidkarim/Documents/David/florida_parks/app/helpers/parks_helper.rb": [
        1,
        null
      ],
      "/Users/davidkarim/Documents/David/florida_parks/app/controllers/parks_controller.rb": [
        1,
        1,
        0,
        0,
        0,
        null,
        0,
        0,
        null,
        null,
        1,
        2,
        2,
        null,
        null
      ],
      "/Users/davidkarim/Documents/David/florida_parks/app/controllers/application_controller.rb": [
        1,
        null,
        null,
        1,
        null
      ],
      "/Users/davidkarim/Documents/David/florida_parks/app/models/park.rb": [
        1,
        null
      ]
    },
    "timestamp": 1481519636
  }
}
