{
  "RSpec": {
    "coverage": {
      "/Users/davidkarim/Documents/David/florida_parks/app/controllers/parks_controller.rb": [
        1,
        1,
        0,
        0,
        0,
        null,
        0,
        0,
        null,
        null,
        1,
        2,
        2,
        null,
        null
      ],
      "/Users/davidkarim/Documents/David/florida_parks/app/controllers/application_controller.rb": [
        1,
        null,
        null,
        1,
        null
      ],
      "/Users/davidkarim/Documents/David/florida_parks/app/models/park.rb": [
        1,
        null
      ]
    },
    "timestamp": 1481336327
  }
}
